<?xml version="1.0" encoding="UTF-8"?>
<!-- Generated by org.testng.reporters.JUnitReportReporter -->
<testsuite hostname="C100-189s-iMac.local" failures="0" tests="1" name="AppiumBasics.MIscelleniousTest" time="12.026" errors="0" timestamp="2022-12-29T11:20:31 IST" skipped="0">
  <testcase classname="AppiumBasics.MIscelleniousTest" name="MIscelleniousAction" time="12.026"/>
  <system-out/>
</testsuite> <!-- AppiumBasics.MIscelleniousTest -->
