<?xml version="1.0" encoding="UTF-8"?>
<!-- Generated by org.testng.reporters.JUnitReportReporter -->
<testsuite hostname="C100-189s-iMac.local" failures="0" tests="1" name="AppiumBasics.BasicTest" time="9.524" errors="0" timestamp="2022-12-26T18:52:28 IST" skipped="0">
  <testcase classname="AppiumBasics.BasicTest" name="WifiSettingsName" time="9.524"/>
  <system-out/>
</testsuite> <!-- AppiumBasics.BasicTest -->
