<?xml version="1.0" encoding="UTF-8"?>
<!-- Generated by org.testng.reporters.JUnitReportReporter -->
<testsuite hostname="C100-189s-iMac.local" failures="0" tests="1" name="AppiumBasics.eCommerceTest3" time="94.678" errors="0" timestamp="2023-01-04T18:28:19 IST" skipped="0">
  <testcase classname="AppiumBasics.eCommerceTest3" name="VerifyProductsAndProceedToCheckout" time="94.678"/>
  <system-out/>
</testsuite> <!-- AppiumBasics.eCommerceTest3 -->
