<?xml version="1.0" encoding="UTF-8"?>
<!-- Generated by org.testng.reporters.JUnitReportReporter -->
<testsuite hostname="C100-189s-iMac.local" failures="0" tests="1" name="AppiumBasics.eCommerceTest_hybridAppFlow" time="69.246" errors="0" timestamp="2023-01-10T16:26:40 IST" skipped="0">
  <testcase classname="AppiumBasics.eCommerceTest_hybridAppFlow" name="VerifyProductsAndProceedToCheckout" time="69.246"/>
  <system-out/>
</testsuite> <!-- AppiumBasics.eCommerceTest_hybridAppFlow -->
