<?xml version="1.0" encoding="UTF-8"?>
<!-- Generated by org.testng.reporters.JUnitReportReporter -->
<testsuite hostname="C100-189s-iMac.local" failures="0" tests="1" name="AppiumBasics.eCommerceTest2" time="50.223" errors="0" timestamp="2022-12-30T17:15:37 IST" skipped="0">
  <testcase classname="AppiumBasics.eCommerceTest2" name="FillUpForm" time="50.223"/>
  <system-out/>
</testsuite> <!-- AppiumBasics.eCommerceTest2 -->
