<?xml version="1.0" encoding="UTF-8"?>
<!-- Generated by org.testng.reporters.JUnitReportReporter -->
<testsuite hostname="C100-189s-iMac.local" failures="0" tests="1" name="AppiumBasics.Assignment1" time="19.121" errors="0" timestamp="2022-12-28T15:52:10 IST" skipped="0">
  <testcase classname="AppiumBasics.Assignment1" name="Assignment" time="19.121"/>
  <system-out/>
</testsuite> <!-- AppiumBasics.Assignment1 -->
