<?xml version="1.0" encoding="UTF-8"?>
<!-- Generated by org.testng.reporters.JUnitReportReporter -->
<testsuite hostname="C100-189s-iMac.local" failures="0" tests="1" name="AppiumBasics.SwipeAction" time="18.138" errors="0" timestamp="2022-12-28T18:19:45 IST" skipped="0">
  <testcase classname="AppiumBasics.SwipeAction" name="SwipeActionGesture" time="18.138"/>
  <system-out/>
</testsuite> <!-- AppiumBasics.SwipeAction -->
