<?xml version="1.0" encoding="UTF-8"?>
<!-- Generated by org.testng.reporters.JUnitReportReporter -->
<testsuite hostname="C100-189s-iMac.local" failures="0" tests="1" name="AppiumBasics.Drag_Drop" time="9.048" errors="0" timestamp="2022-12-28T18:18:50 IST" skipped="0">
  <testcase classname="AppiumBasics.Drag_Drop" name="SwipeActionGesture" time="9.048"/>
  <system-out/>
</testsuite> <!-- AppiumBasics.Drag_Drop -->
